{
  "RSpec": {
    "coverage": {
      "/home/juliano/Área de Trabalho/desafio/desafio-backend/app/models/despesa.rb": {
        "lines": [
          1,
          1,
          1,
          null,
          1,
          1,
          1,
          1,
          null,
          1,
          null,
          6,
          null,
          null,
          null,
          null,
          null,
          null,
          null,
          null,
          null,
          null,
          null,
          null,
          null,
          null,
          null,
          null,
          null,
          null,
          null,
          null,
          6,
          null,
          null
        ]
      },
      "/home/juliano/Área de Trabalho/desafio/desafio-backend/app/models/application_record.rb": {
        "lines": [
          1,
          1,
          null
        ]
      },
      "/home/juliano/Área de Trabalho/desafio/desafio-backend/app/models/arquivo.rb": {
        "lines": [
          1,
          null,
          1,
          null,
          1,
          2,
          null,
          null,
          1,
          1,
          2,
          2,
          2,
          2,
          null,
          2,
          null,
          null,
          6,
          null,
          6,
          6,
          2,
          null,
          null,
          6,
          6,
          4,
          null,
          null,
          6,
          6,
          6,
          null,
          null,
          6,
          6,
          null,
          null,
          null,
          2,
          2,
          2,
          2,
          null,
          null,
          1,
          null
        ]
      },
      "/home/juliano/Área de Trabalho/desafio/desafio-backend/app/models/legislatura.rb": {
        "lines": [
          1,
          1,
          null,
          1,
          null,
          6,
          null,
          null,
          6,
          null,
          null
        ]
      },
      "/home/juliano/Área de Trabalho/desafio/desafio-backend/app/models/tipo_despesa.rb": {
        "lines": [
          1,
          1,
          null,
          1,
          null,
          1,
          null,
          6,
          null,
          null,
          6,
          null,
          null
        ]
      },
      "/home/juliano/Área de Trabalho/desafio/desafio-backend/app/models/deputado.rb": {
        "lines": [
          1,
          1,
          1,
          null,
          1,
          1,
          1,
          1,
          null,
          2,
          null,
          null,
          1,
          2,
          null,
          null,
          1,
          null,
          null,
          6,
          null,
          null,
          6,
          null,
          null,
          null,
          null,
          null,
          null,
          null,
          6,
          null,
          null,
          1,
          1,
          2,
          2,
          1,
          null,
          2,
          null,
          null
        ]
      },
      "/home/juliano/Área de Trabalho/desafio/desafio-backend/app/controllers/application_controller.rb": {
        "lines": [
          1,
          null
        ]
      },
      "/home/juliano/Área de Trabalho/desafio/desafio-backend/app/controllers/arquivos_controller.rb": {
        "lines": [
          1,
          1,
          null,
          null,
          1,
          null,
          1,
          1,
          1,
          null,
          null,
          0,
          0,
          null,
          null,
          null
        ]
      },
      "/home/juliano/Área de Trabalho/desafio/desafio-backend/app/controllers/deputados_controller.rb": {
        "lines": [
          1,
          1,
          2,
          1,
          null,
          1,
          null,
          null,
          null,
          1,
          1,
          1,
          1,
          null,
          null,
          1,
          1,
          1,
          null,
          null,
          1,
          1,
          null,
          null,
          1,
          1,
          null,
          null
        ]
      },
      "/home/juliano/Área de Trabalho/desafio/desafio-backend/app/controllers/site_controller.rb": {
        "lines": [
          1,
          1,
          null
        ]
      }
    },
    "timestamp": 1629670377
  }
}
